This is LuaHBTeX, Version 1.22.0 (MiKTeX 25.4) (format=lualatex 2025.12.4)  4 DEC 2025 10:48
 restricted system commands enabled.
**understandingFunctions.tex
(./understandingFunctions.tex
LaTeX2e <2025-11-01>
L3 programming layer <2025-11-06>
Lua module: luaotfload 2024-12-03 v3.29 Lua based OpenType font support
Lua module: lualibs 2023-07-13 v2.76 ConTeXt Lua standard libraries.
Lua module: lualibs-extended 2023-07-13 v2.76 ConTeXt Lua libraries -- extended 
collection.
luaotfload | conf : Root cache directory is "C:/Users/drbob/AppData/Local/MiKTeX
/2.9/luatex-cache/generic/names".
luaotfload | init : Loading fontloader "fontloader-2023-12-28.lua" from kpse-res
olved path "C:/Users/drbob/AppData/Local/Programs/MiKTeX 2.9/tex/luatex/luaotflo
ad/fontloader-2023-12-28.lua".
Lua-only attribute luaotfload@noligature = 1
luaotfload | init : Context OpenType loader version 3.134
Inserting `luaotfload.node_processor' in `pre_linebreak_filter'.
Inserting `luaotfload.node_processor' in `hpack_filter'.
Inserting `luaotfload.glyph_stream' in `glyph_stream_provider'.
Inserting `luaotfload.define_font' in `define_font'.
Lua-only attribute luaotfload_color_attribute = 2
luaotfload | conf : Root cache directory is "C:/Users/drbob/AppData/Local/MiKTeX
/2.9/luatex-cache/generic/names".
Inserting `luaotfload.harf.strip_prefix' in `find_opentype_file'.
Inserting `luaotfload.harf.strip_prefix' in `find_truetype_file'.
Removing  `luaotfload.glyph_stream' from `glyph_stream_provider'.
Inserting `luaotfload.harf.glyphstream' in `glyph_stream_provider'.
Inserting `luaotfload.harf.finalize_vlist' in `post_linebreak_filter'.
Inserting `luaotfload.harf.finalize_hlist' in `hpack_filter'.
Inserting `luaotfload.cleanup_files' in `wrapup_run'.
Inserting `luaotfload.harf.finalize_unicode' in `finish_pdffile'.
Inserting `luaotfload.glyphinfo' in `glyph_info'.
Lua-only attribute luaotfload.letterspace_done = 3
Inserting `luaotfload.aux.set_sscale_dimens' in `luaotfload.patch_font'.
Inserting `luaotfload.aux.set_font_index' in `luaotfload.patch_font'.
Inserting `luaotfload.aux.patch_cambria_domh' in `luaotfload.patch_font'.
Inserting `luaotfload.aux.fixup_fontdata' in `luaotfload.patch_font_unsafe'.
Inserting `luaotfload.aux.set_capheight' in `luaotfload.patch_font'.
Inserting `luaotfload.aux.set_xheight' in `luaotfload.patch_font'.
Inserting `luaotfload.rewrite_fontname' in `luaotfload.patch_font'.
Inserting `tracingstacklevels' in `input_level_string'. (C:/localtexmf/tex/late
x/TUD/ximeraLatex/ximera.cls
Document Class: ximera 2024/05/12 v1.5.1 Simultaneously write print and online 
interactive materials

'::.   .::' ::  :::::     :::::  .:::::::::::::::::::.    ::: 
  '::.::'   :: ::: :::   ::: ::: ::                :::   ::':: 
    :::     :: :::  ::: :::  :::  ::::::::: .::::::::'  ::' ':: 
  .::'::.   :: :::  ::: :::  ::: ::         ::  '::.   ::'   ':: 
.::'   '::. :: :::   ':::'   ::: '::::::::: ::    '::.::'     ':: 

("C:/Users/drbob/AppData/Local/Programs/MiKTeX 2.9/tex/latex/base/article.cls"
Document Class: article 2025/01/22 v1.4n Standard LaTeX document class
("C:/Users/drbob/AppData/Local/Programs/MiKTeX 2.9/tex/latex/base/size10.clo"
File: size10.clo 2025/01/22 v1.4n Standard LaTeX file (size option)
luaotfload | db : Font names database loaded from C:/Users/drbob/AppData/Local/M
iKTeX/2.9/luatex-cache/generic/names/luaotfload-names.luc.gz)
\c@part=\count273
\c@section=\count274
\c@subsection=\count275
\c@subsubsection=\count276
\c@paragraph=\count277
\c@subparagraph=\count278
\c@figure=\count279
\c@table=\count280
\abovecaptionskip=\skip49
\belowcaptionskip=\skip50
\bibindent=\dimen147
) ("C:/Users/drbob/AppData/Local/Programs/MiKTeX 2.9/tex/latex/cancel/cancel.st
y"
Package: cancel 2013/04/12 v2.2 Cancel math terms
)
("C:/Users/drbob/AppData/Local/Programs/MiKTeX 2.9/tex/latex/enumitem/enumitem.
sty"
Package: enumitem 2025/02/06 v3.11 Customized lists
\enitkv@toks@=\toks17
\labelindent=\skip51
\enit@outerparindent=\dimen148
\enit@toks=\toks18
\enit@inbox=\box53
\enit@count@id=\count281
\enitdp@description=\count282
)
("C:/Users/drbob/AppData/Local/Programs/MiKTeX 2.9/tex/latex/titlesec/titlesec.
sty"
Package: titlesec 2025/01/04 v2.17 Sectioning titles
\ttl@box=\box54
\beforetitleunit=\skip52
\aftertitleunit=\skip53
\ttl@plus=\dimen149
\ttl@minus=\dimen150
\ttl@toksa=\toks19
\titlewidth=\dimen151
\titlewidthlast=\dimen152
\titlewidthfirst=\dimen153

("C:/Users/drbob/AppData/Local/Programs/MiKTeX 2.9/tex/latex/titlesec/titleps.s
ty"))
("C:/Users/drbob/AppData/Local/Programs/MiKTeX 2.9/tex/latex/titlesec/titletoc.
sty"
Package: titletoc 2025/01/04 v2.17 TOC entries
\ttl@leftsep=\dimen154
)
("C:/Users/drbob/AppData/Local/Programs/MiKTeX 2.9/tex/latex/titling/titling.st
y"
Package: titling 2009/09/04 v2.1d maketitle typesetting
\thanksmarkwidth=\skip54
\thanksmargin=\skip55
\droptitle=\skip56
) ("C:/Users/drbob/AppData/Local/Programs/MiKTeX 2.9/tex/latex/url/url.sty"
\Urlmuskip=\muskip17
Package: url 2013/09/16  ver 3.4  Verb mode for urls, etc.
)
("C:/Users/drbob/AppData/Local/Programs/MiKTeX 2.9/tex/latex/xcolor/xcolor.sty"
Package: xcolor 2024/09/29 v3.02 LaTeX color extensions (UK)

("C:/Users/drbob/AppData/Local/Programs/MiKTeX 2.9/tex/latex/graphics-cfg/color
.cfg"
File: color.cfg 2016/01/02 v1.6 sample color configuration
)
Package xcolor Info: Driver file: luatex.def on input line 274.

("C:/Users/drbob/AppData/Local/Programs/MiKTeX 2.9/tex/latex/graphics-def/luate
x.def"
File: luatex.def 2025/09/29 v1.2f Graphics/color driver for luatex
)
("C:/Users/drbob/AppData/Local/Programs/MiKTeX 2.9/tex/latex/graphics/mathcolor
.ltx")
Package xcolor Info: Model `cmy' substituted by `cmy0' on input line 1349.
Package xcolor Info: Model `hsb' substituted by `rgb' on input line 1353.
Package xcolor Info: Model `RGB' extended on input line 1365.
Package xcolor Info: Model `HTML' substituted by `rgb' on input line 1367.
Package xcolor Info: Model `Hsb' substituted by `hsb' on input line 1368.
Package xcolor Info: Model `tHsb' substituted by `hsb' on input line 1369.
Package xcolor Info: Model `HSB' substituted by `hsb' on input line 1370.
Package xcolor Info: Model `Gray' substituted by `gray' on input line 1371.
Package xcolor Info: Model `wave' substituted by `hsb' on input line 1372.
)
("C:/Users/drbob/AppData/Local/Programs/MiKTeX 2.9/tex/latex/colortbl/colortbl.
sty"
Package: colortbl 2024/10/29 v1.0k Color table columns (DPC)

("C:/Users/drbob/AppData/Local/Programs/MiKTeX 2.9/tex/latex/tools/array.sty"
Package: array 2025/09/25 v2.6n Tabular extension package (FMi)
\col@sep=\dimen155
\ar@mcellbox=\box55
\extrarowheight=\dimen156
\NC@list=\toks20
\extratabsurround=\skip57
\backup@length=\skip58
\ar@cellbox=\box56
)
\everycr=\toks21
\minrowclearance=\skip59
\rownum=\count283
)
("C:/Users/drbob/AppData/Local/Programs/MiKTeX 2.9/tex/latex/pgf/frontendlayer/
tikz.sty"
("C:/Users/drbob/AppData/Local/Programs/MiKTeX 2.9/tex/latex/pgf/basiclayer/pgf
.sty"
("C:/Users/drbob/AppData/Local/Programs/MiKTeX 2.9/tex/latex/pgf/utilities/pgfr
cs.sty"
("C:/Users/drbob/AppData/Local/Programs/MiKTeX 2.9/tex/generic/pgf/utilities/pg
futil-common.tex"
\pgfutil@everybye=\toks22
\pgfutil@tempdima=\dimen157
\pgfutil@tempdimb=\dimen158
)
("C:/Users/drbob/AppData/Local/Programs/MiKTeX 2.9/tex/generic/pgf/utilities/pg
futil-latex.def"
\pgfutil@abb=\box57
)
("C:/Users/drbob/AppData/Local/Programs/MiKTeX 2.9/tex/generic/pgf/utilities/pg
frcs.code.tex"
("C:/Users/drbob/AppData/Local/Programs/MiKTeX 2.9/tex/generic/pgf/pgf.revision
.tex")
Package: pgfrcs 2025-08-29 v3.1.11a (3.1.11a)
))
Package: pgf 2025-08-29 v3.1.11a (3.1.11a)

("C:/Users/drbob/AppData/Local/Programs/MiKTeX 2.9/tex/latex/pgf/basiclayer/pgf
core.sty"
("C:/Users/drbob/AppData/Local/Programs/MiKTeX 2.9/tex/latex/graphics/graphicx.
sty"
Package: graphicx 2024/12/31 v1.2e Enhanced LaTeX Graphics (DPC,SPQR)

("C:/Users/drbob/AppData/Local/Programs/MiKTeX 2.9/tex/latex/graphics/keyval.st
y"
Package: keyval 2022/05/29 v1.15 key=value parser (DPC)
\KV@toks@=\toks23
)
("C:/Users/drbob/AppData/Local/Programs/MiKTeX 2.9/tex/latex/graphics/graphics.
sty"
Package: graphics 2024/08/06 v1.4g Standard LaTeX Graphics (DPC,SPQR)

("C:/Users/drbob/AppData/Local/Programs/MiKTeX 2.9/tex/latex/graphics/trig.sty"
Package: trig 2023/12/02 v1.11 sin cos tan (DPC)
)
("C:/Users/drbob/AppData/Local/Programs/MiKTeX 2.9/tex/latex/graphics-cfg/graph
ics.cfg"
File: graphics.cfg 2016/06/04 v1.11 sample graphics configuration
)
Package graphics Info: Driver file: luatex.def on input line 106.
)
\Gin@req@height=\dimen159
\Gin@req@width=\dimen160
)
("C:/Users/drbob/AppData/Local/Programs/MiKTeX 2.9/tex/latex/pgf/systemlayer/pg
fsys.sty"
("C:/Users/drbob/AppData/Local/Programs/MiKTeX 2.9/tex/generic/pgf/systemlayer/
pgfsys.code.tex"
Package: pgfsys 2025-08-29 v3.1.11a (3.1.11a)

("C:/Users/drbob/AppData/Local/Programs/MiKTeX 2.9/tex/generic/pgf/utilities/pg
fkeys.code.tex"
\pgfkeys@pathtoks=\toks24
\pgfkeys@temptoks=\toks25

("C:/Users/drbob/AppData/Local/Programs/MiKTeX 2.9/tex/generic/pgf/utilities/pg
fkeyslibraryfiltered.code.tex"
\pgfkeys@tmptoks=\toks26
))
\pgf@x=\dimen161
\pgf@y=\dimen162
\pgf@xa=\dimen163
\pgf@ya=\dimen164
\pgf@xb=\dimen165
\pgf@yb=\dimen166
\pgf@xc=\dimen167
\pgf@yc=\dimen168
\pgf@xd=\dimen169
\pgf@yd=\dimen170
\w@pgf@writea=\write3
\r@pgf@reada=\read2
\c@pgf@counta=\count284
\c@pgf@countb=\count285
\c@pgf@countc=\count286
\c@pgf@countd=\count287
\t@pgf@toka=\toks27
\t@pgf@tokb=\toks28
\t@pgf@tokc=\toks29
\pgf@sys@id@count=\count288

("C:/Users/drbob/AppData/Local/Programs/MiKTeX 2.9/tex/generic/pgf/systemlayer/
pgf.cfg"
File: pgf.cfg 2025-08-29 v3.1.11a (3.1.11a)
)
Driver file for pgf: pgfsys-luatex.def

("C:/Users/drbob/AppData/Local/Programs/MiKTeX 2.9/tex/generic/pgf/systemlayer/
pgfsys-luatex.def"
File: pgfsys-luatex.def 2025-08-29 v3.1.11a (3.1.11a)

("C:/Users/drbob/AppData/Local/Programs/MiKTeX 2.9/tex/generic/pgf/systemlayer/
pgfsys-common-pdf.def"
File: pgfsys-common-pdf.def 2025-08-29 v3.1.11a (3.1.11a)
)))
("C:/Users/drbob/AppData/Local/Programs/MiKTeX 2.9/tex/generic/pgf/systemlayer/
pgfsyssoftpath.code.tex"
File: pgfsyssoftpath.code.tex 2025-08-29 v3.1.11a (3.1.11a)
\pgfsyssoftpath@smallbuffer@items=\count289
\pgfsyssoftpath@bigbuffer@items=\count290
)
("C:/Users/drbob/AppData/Local/Programs/MiKTeX 2.9/tex/generic/pgf/systemlayer/
pgfsysprotocol.code.tex"
File: pgfsysprotocol.code.tex 2025-08-29 v3.1.11a (3.1.11a)
))
("C:/Users/drbob/AppData/Local/Programs/MiKTeX 2.9/tex/generic/pgf/basiclayer/p
gfcore.code.tex"
Package: pgfcore 2025-08-29 v3.1.11a (3.1.11a)

("C:/Users/drbob/AppData/Local/Programs/MiKTeX 2.9/tex/generic/pgf/math/pgfmath
.code.tex"
("C:/Users/drbob/AppData/Local/Programs/MiKTeX 2.9/tex/generic/pgf/math/pgfmath
util.code.tex")
("C:/Users/drbob/AppData/Local/Programs/MiKTeX 2.9/tex/generic/pgf/math/pgfmath
parser.code.tex"
\pgfmath@dimen=\dimen171
\pgfmath@count=\count291
\pgfmath@box=\box58
\pgfmath@toks=\toks30
\pgfmath@stack@operand=\toks31
\pgfmath@stack@operation=\toks32
)
("C:/Users/drbob/AppData/Local/Programs/MiKTeX 2.9/tex/generic/pgf/math/pgfmath
functions.code.tex")
("C:/Users/drbob/AppData/Local/Programs/MiKTeX 2.9/tex/generic/pgf/math/pgfmath
functions.basic.code.tex")
("C:/Users/drbob/AppData/Local/Programs/MiKTeX 2.9/tex/generic/pgf/math/pgfmath
functions.trigonometric.code.tex")
("C:/Users/drbob/AppData/Local/Programs/MiKTeX 2.9/tex/generic/pgf/math/pgfmath
functions.random.code.tex")
("C:/Users/drbob/AppData/Local/Programs/MiKTeX 2.9/tex/generic/pgf/math/pgfmath
functions.comparison.code.tex")
("C:/Users/drbob/AppData/Local/Programs/MiKTeX 2.9/tex/generic/pgf/math/pgfmath
functions.base.code.tex")
("C:/Users/drbob/AppData/Local/Programs/MiKTeX 2.9/tex/generic/pgf/math/pgfmath
functions.round.code.tex")
("C:/Users/drbob/AppData/Local/Programs/MiKTeX 2.9/tex/generic/pgf/math/pgfmath
functions.misc.code.tex")
("C:/Users/drbob/AppData/Local/Programs/MiKTeX 2.9/tex/generic/pgf/math/pgfmath
functions.integerarithmetics.code.tex")
("C:/Users/drbob/AppData/Local/Programs/MiKTeX 2.9/tex/generic/pgf/math/pgfmath
calc.code.tex")
("C:/Users/drbob/AppData/Local/Programs/MiKTeX 2.9/tex/generic/pgf/math/pgfmath
float.code.tex"
\c@pgfmathroundto@lastzeros=\count292
))
("C:/Users/drbob/AppData/Local/Programs/MiKTeX 2.9/tex/generic/pgf/math/pgfint.
code.tex")
("C:/Users/drbob/AppData/Local/Programs/MiKTeX 2.9/tex/generic/pgf/basiclayer/p
gfcorepoints.code.tex"
File: pgfcorepoints.code.tex 2025-08-29 v3.1.11a (3.1.11a)
\pgf@picminx=\dimen172
\pgf@picmaxx=\dimen173
\pgf@picminy=\dimen174
\pgf@picmaxy=\dimen175
\pgf@pathminx=\dimen176
\pgf@pathmaxx=\dimen177
\pgf@pathminy=\dimen178
\pgf@pathmaxy=\dimen179
\pgf@xx=\dimen180
\pgf@xy=\dimen181
\pgf@yx=\dimen182
\pgf@yy=\dimen183
\pgf@zx=\dimen184
\pgf@zy=\dimen185
)
("C:/Users/drbob/AppData/Local/Programs/MiKTeX 2.9/tex/generic/pgf/basiclayer/p
gfcorepathconstruct.code.tex"
File: pgfcorepathconstruct.code.tex 2025-08-29 v3.1.11a (3.1.11a)
\pgf@path@lastx=\dimen186
\pgf@path@lasty=\dimen187
)
("C:/Users/drbob/AppData/Local/Programs/MiKTeX 2.9/tex/generic/pgf/basiclayer/p
gfcorepathusage.code.tex"
File: pgfcorepathusage.code.tex 2025-08-29 v3.1.11a (3.1.11a)
\pgf@shorten@end@additional=\dimen188
\pgf@shorten@start@additional=\dimen189
)
("C:/Users/drbob/AppData/Local/Programs/MiKTeX 2.9/tex/generic/pgf/basiclayer/p
gfcorescopes.code.tex"
File: pgfcorescopes.code.tex 2025-08-29 v3.1.11a (3.1.11a)
\pgfpic=\box59
\pgf@hbox=\box60
\pgf@layerbox@main=\box61
\pgf@picture@serial@count=\count293
)
("C:/Users/drbob/AppData/Local/Programs/MiKTeX 2.9/tex/generic/pgf/basiclayer/p
gfcoregraphicstate.code.tex"
File: pgfcoregraphicstate.code.tex 2025-08-29 v3.1.11a (3.1.11a)
\pgflinewidth=\dimen190
)
("C:/Users/drbob/AppData/Local/Programs/MiKTeX 2.9/tex/generic/pgf/basiclayer/p
gfcoretransformations.code.tex"
File: pgfcoretransformations.code.tex 2025-08-29 v3.1.11a (3.1.11a)
\pgf@pt@x=\dimen191
\pgf@pt@y=\dimen192
\pgf@pt@temp=\dimen193
)
("C:/Users/drbob/AppData/Local/Programs/MiKTeX 2.9/tex/generic/pgf/basiclayer/p
gfcorequick.code.tex"
File: pgfcorequick.code.tex 2025-08-29 v3.1.11a (3.1.11a)
)
("C:/Users/drbob/AppData/Local/Programs/MiKTeX 2.9/tex/generic/pgf/basiclayer/p
gfcoreobjects.code.tex"
File: pgfcoreobjects.code.tex 2025-08-29 v3.1.11a (3.1.11a)
)
("C:/Users/drbob/AppData/Local/Programs/MiKTeX 2.9/tex/generic/pgf/basiclayer/p
gfcorepathprocessing.code.tex"
File: pgfcorepathprocessing.code.tex 2025-08-29 v3.1.11a (3.1.11a)
)
("C:/Users/drbob/AppData/Local/Programs/MiKTeX 2.9/tex/generic/pgf/basiclayer/p
gfcorearrows.code.tex"
File: pgfcorearrows.code.tex 2025-08-29 v3.1.11a (3.1.11a)
\pgfarrowsep=\dimen194
)
("C:/Users/drbob/AppData/Local/Programs/MiKTeX 2.9/tex/generic/pgf/basiclayer/p
gfcoreshade.code.tex"
File: pgfcoreshade.code.tex 2025-08-29 v3.1.11a (3.1.11a)
\pgf@max=\dimen195
\pgf@sys@shading@range@num=\count294
\pgf@shadingcount=\count295
)
("C:/Users/drbob/AppData/Local/Programs/MiKTeX 2.9/tex/generic/pgf/basiclayer/p
gfcoreimage.code.tex"
File: pgfcoreimage.code.tex 2025-08-29 v3.1.11a (3.1.11a)
)
("C:/Users/drbob/AppData/Local/Programs/MiKTeX 2.9/tex/generic/pgf/basiclayer/p
gfcoreexternal.code.tex"
File: pgfcoreexternal.code.tex 2025-08-29 v3.1.11a (3.1.11a)
\pgfexternal@startupbox=\box62
)
("C:/Users/drbob/AppData/Local/Programs/MiKTeX 2.9/tex/generic/pgf/basiclayer/p
gfcorelayers.code.tex"
File: pgfcorelayers.code.tex 2025-08-29 v3.1.11a (3.1.11a)
)
("C:/Users/drbob/AppData/Local/Programs/MiKTeX 2.9/tex/generic/pgf/basiclayer/p
gfcoretransparency.code.tex"
File: pgfcoretransparency.code.tex 2025-08-29 v3.1.11a (3.1.11a)
)
("C:/Users/drbob/AppData/Local/Programs/MiKTeX 2.9/tex/generic/pgf/basiclayer/p
gfcorepatterns.code.tex"
File: pgfcorepatterns.code.tex 2025-08-29 v3.1.11a (3.1.11a)
)
("C:/Users/drbob/AppData/Local/Programs/MiKTeX 2.9/tex/generic/pgf/basiclayer/p
gfcorerdf.code.tex"
File: pgfcorerdf.code.tex 2025-08-29 v3.1.11a (3.1.11a)
)))
("C:/Users/drbob/AppData/Local/Programs/MiKTeX 2.9/tex/generic/pgf/modules/pgfm
oduleshapes.code.tex"
File: pgfmoduleshapes.code.tex 2025-08-29 v3.1.11a (3.1.11a)
\pgfnodeparttextbox=\box63
)
("C:/Users/drbob/AppData/Local/Programs/MiKTeX 2.9/tex/generic/pgf/modules/pgfm
oduleplot.code.tex"
File: pgfmoduleplot.code.tex 2025-08-29 v3.1.11a (3.1.11a)
)
("C:/Users/drbob/AppData/Local/Programs/MiKTeX 2.9/tex/latex/pgf/compatibility/
pgfcomp-version-0-65.sty"
Package: pgfcomp-version-0-65 2025-08-29 v3.1.11a (3.1.11a)
\pgf@nodesepstart=\dimen196
\pgf@nodesepend=\dimen197
)
("C:/Users/drbob/AppData/Local/Programs/MiKTeX 2.9/tex/latex/pgf/compatibility/
pgfcomp-version-1-18.sty"
Package: pgfcomp-version-1-18 2025-08-29 v3.1.11a (3.1.11a)
))
("C:/Users/drbob/AppData/Local/Programs/MiKTeX 2.9/tex/latex/pgf/utilities/pgff
or.sty"
("C:/Users/drbob/AppData/Local/Programs/MiKTeX 2.9/tex/latex/pgf/utilities/pgfk
eys.sty"
("C:/Users/drbob/AppData/Local/Programs/MiKTeX 2.9/tex/generic/pgf/utilities/pg
fkeys.code.tex"))
("C:/Users/drbob/AppData/Local/Programs/MiKTeX 2.9/tex/latex/pgf/math/pgfmath.s
ty"
("C:/Users/drbob/AppData/Local/Programs/MiKTeX 2.9/tex/generic/pgf/math/pgfmath
.code.tex"))
("C:/Users/drbob/AppData/Local/Programs/MiKTeX 2.9/tex/generic/pgf/utilities/pg
ffor.code.tex"
Package: pgffor 2025-08-29 v3.1.11a (3.1.11a)
\pgffor@iter=\dimen198
\pgffor@skip=\dimen199
\pgffor@stack=\toks33
\pgffor@toks=\toks34
))
("C:/Users/drbob/AppData/Local/Programs/MiKTeX 2.9/tex/generic/pgf/frontendlaye
r/tikz/tikz.code.tex"
Package: tikz 2025-08-29 v3.1.11a (3.1.11a)

("C:/Users/drbob/AppData/Local/Programs/MiKTeX 2.9/tex/generic/pgf/libraries/pg
flibraryplothandlers.code.tex"
File: pgflibraryplothandlers.code.tex 2025-08-29 v3.1.11a (3.1.11a)
\pgf@plot@mark@count=\count296
\pgfplotmarksize=\dimen256
)
\tikz@lastx=\dimen257
\tikz@lasty=\dimen258
\tikz@lastxsaved=\dimen259
\tikz@lastysaved=\dimen260
\tikz@lastmovetox=\dimen261
\tikz@lastmovetoy=\dimen262
\tikzleveldistance=\dimen263
\tikzsiblingdistance=\dimen264
\tikz@figbox=\box64
\tikz@figbox@bg=\box65
\tikz@tempbox=\box66
\tikz@tempbox@bg=\box67
\tikztreelevel=\count297
\tikznumberofchildren=\count298
\tikznumberofcurrentchild=\count299
\tikz@fig@count=\count300

("C:/Users/drbob/AppData/Local/Programs/MiKTeX 2.9/tex/generic/pgf/modules/pgfm
odulematrix.code.tex"
File: pgfmodulematrix.code.tex 2025-08-29 v3.1.11a (3.1.11a)
\pgfmatrixcurrentrow=\count301
\pgfmatrixcurrentcolumn=\count302
\pgf@matrix@numberofcolumns=\count303
)
\tikz@expandcount=\count304

("C:/Users/drbob/AppData/Local/Programs/MiKTeX 2.9/tex/generic/pgf/frontendlaye
r/tikz/libraries/tikzlibrarytopaths.code.tex"
File: tikzlibrarytopaths.code.tex 2025-08-29 v3.1.11a (3.1.11a)
)))
("C:/Users/drbob/AppData/Local/Programs/MiKTeX 2.9/tex/latex/pgfplots/pgfplots.
sty"
("C:/Users/drbob/AppData/Local/Programs/MiKTeX 2.9/tex/generic/pgfplots/pgfplot
s.revision.tex")
Package: pgfplots 2021/05/15 v1.18.1 Data Visualization (1.18.1)

("C:/Users/drbob/AppData/Local/Programs/MiKTeX 2.9/tex/generic/pgfplots/pgfplot
s.code.tex"
("C:/Users/drbob/AppData/Local/Programs/MiKTeX 2.9/tex/generic/pgfplots/pgfplot
score.code.tex"
Package pgfplots info on input line 124: Initializing with LUA version Lua 5.3
\pgfplots@luabackend@table=\catcodetable14
\t@pgfplots@toka=\toks35
\t@pgfplots@tokb=\toks36
\t@pgfplots@tokc=\toks37
\pgfplots@tmpa=\dimen265
\c@pgfplots@coordindex=\count305
\c@pgfplots@scanlineindex=\count306

("C:/Users/drbob/AppData/Local/Programs/MiKTeX 2.9/tex/generic/pgfplots/sys/pgf
plotssysgeneric.code.tex"))
("C:/Users/drbob/AppData/Local/Programs/MiKTeX 2.9/tex/generic/pgfplots/libs/pg
fplotslibrary.code.tex")
("C:/Users/drbob/AppData/Local/Programs/MiKTeX 2.9/tex/generic/pgfplots/oldpgfc
ompatib/pgfplotsoldpgfsupp_loader.code.tex"
("C:/Users/drbob/AppData/Local/Programs/MiKTeX 2.9/tex/generic/pgf/libraries/pg
flibraryfpu.code.tex")
Package pgfplots: loading complementary utilities for your pgf version...
\t@pgf@toka=\toks38
\t@pgf@tokb=\toks39
\t@pgf@tokc=\toks40

("C:/Users/drbob/AppData/Local/Programs/MiKTeX 2.9/tex/generic/pgfplots/oldpgfc
ompatib/pgfplotsoldpgfsupp_pgfutil-common-lists.tex")
("C:/Users/drbob/AppData/Local/Programs/MiKTeX 2.9/tex/generic/pgf/libraries/lu
amath/pgflibraryluamath.code.tex")
Package pgfplots info on input line 290: luamath library shipped with pgf 3.1.1
1a is up-to-date
)
("C:/Users/drbob/AppData/Local/Programs/MiKTeX 2.9/tex/generic/pgfplots/util/pg
fplotsutil.code.tex"
Package pgfplots info on input line 82: Found new luatex: initializing lua comm
ands instead of write18 (shell-escape)

("C:/Users/drbob/AppData/Local/Programs/MiKTeX 2.9/tex/generic/pgfplots/liststr
ucture/pgfplotsliststructure.code.tex")
("C:/Users/drbob/AppData/Local/Programs/MiKTeX 2.9/tex/generic/pgfplots/liststr
ucture/pgfplotsliststructureext.code.tex")
("C:/Users/drbob/AppData/Local/Programs/MiKTeX 2.9/tex/generic/pgfplots/liststr
ucture/pgfplotsarray.code.tex"
\c@pgfplotsarray@tmp=\count307
)
("C:/Users/drbob/AppData/Local/Programs/MiKTeX 2.9/tex/generic/pgfplots/liststr
ucture/pgfplotsmatrix.code.tex")
("C:/Users/drbob/AppData/Local/Programs/MiKTeX 2.9/tex/generic/pgfplots/numtabl
e/pgfplotstableshared.code.tex"
\c@pgfplotstable@counta=\count308
\t@pgfplotstable@a=\toks41
)
("C:/Users/drbob/AppData/Local/Programs/MiKTeX 2.9/tex/generic/pgfplots/liststr
ucture/pgfplotsdeque.code.tex")
("C:/Users/drbob/AppData/Local/Programs/MiKTeX 2.9/tex/generic/pgfplots/util/pg
fplotsbinary.code.tex"
("C:/Users/drbob/AppData/Local/Programs/MiKTeX 2.9/tex/generic/pgfplots/util/pg
fplotsbinary.data.code.tex"))
("C:/Users/drbob/AppData/Local/Programs/MiKTeX 2.9/tex/generic/pgfplots/util/pg
fplotsutil.verb.code.tex")
("C:/Users/drbob/AppData/Local/Programs/MiKTeX 2.9/tex/generic/pgfplots/libs/pg
flibrarypgfplots.surfshading.code.tex"
\c@pgfplotslibrarysurf@no=\count309

("C:/Users/drbob/AppData/Local/Programs/MiKTeX 2.9/tex/generic/pgfplots/sys/pgf
librarypgfplots.surfshading.pgfsys-luatex.def")))
("C:/Users/drbob/AppData/Local/Programs/MiKTeX 2.9/tex/generic/pgfplots/util/pg
fplotscolormap.code.tex"
("C:/Users/drbob/AppData/Local/Programs/MiKTeX 2.9/tex/generic/pgfplots/util/pg
fplotscolor.code.tex"))
("C:/Users/drbob/AppData/Local/Programs/MiKTeX 2.9/tex/generic/pgfplots/pgfplot
sstackedplots.code.tex")
("C:/Users/drbob/AppData/Local/Programs/MiKTeX 2.9/tex/generic/pgfplots/pgfplot
splothandlers.code.tex"
("C:/Users/drbob/AppData/Local/Programs/MiKTeX 2.9/tex/generic/pgfplots/pgfplot
smeshplothandler.code.tex"
("C:/Users/drbob/AppData/Local/Programs/MiKTeX 2.9/tex/generic/pgfplots/pgfplot
smeshplotimage.code.tex")))
("C:/Users/drbob/AppData/Local/Programs/MiKTeX 2.9/tex/generic/pgfplots/pgfplot
s.scaling.code.tex")
("C:/Users/drbob/AppData/Local/Programs/MiKTeX 2.9/tex/generic/pgfplots/pgfplot
scoordprocessing.code.tex")
("C:/Users/drbob/AppData/Local/Programs/MiKTeX 2.9/tex/generic/pgfplots/pgfplot
s.errorbars.code.tex")
("C:/Users/drbob/AppData/Local/Programs/MiKTeX 2.9/tex/generic/pgfplots/pgfplot
s.markers.code.tex")
("C:/Users/drbob/AppData/Local/Programs/MiKTeX 2.9/tex/generic/pgfplots/pgfplot
sticks.code.tex")
("C:/Users/drbob/AppData/Local/Programs/MiKTeX 2.9/tex/generic/pgfplots/pgfplot
s.paths.code.tex")
("C:/Users/drbob/AppData/Local/Programs/MiKTeX 2.9/tex/generic/pgf/frontendlaye
r/tikz/libraries/tikzlibrarydecorations.code.tex"
("C:/Users/drbob/AppData/Local/Programs/MiKTeX 2.9/tex/generic/pgf/modules/pgfm
oduledecorations.code.tex"
\pgfdecoratedcompleteddistance=\dimen266
\pgfdecoratedremainingdistance=\dimen267
\pgfdecoratedinputsegmentcompleteddistance=\dimen268
\pgfdecoratedinputsegmentremainingdistance=\dimen269
\pgf@decorate@distancetomove=\dimen270
\pgf@decorate@repeatstate=\count310
\pgfdecorationsegmentamplitude=\dimen271
\pgfdecorationsegmentlength=\dimen272
)
\tikz@lib@dec@box=\box68
)
("C:/Users/drbob/AppData/Local/Programs/MiKTeX 2.9/tex/generic/pgf/frontendlaye
r/tikz/libraries/tikzlibrarydecorations.pathmorphing.code.tex"
("C:/Users/drbob/AppData/Local/Programs/MiKTeX 2.9/tex/generic/pgf/libraries/de
corations/pgflibrarydecorations.pathmorphing.code.tex"))
("C:/Users/drbob/AppData/Local/Programs/MiKTeX 2.9/tex/generic/pgf/frontendlaye
r/tikz/libraries/tikzlibrarydecorations.pathreplacing.code.tex"
("C:/Users/drbob/AppData/Local/Programs/MiKTeX 2.9/tex/generic/pgf/libraries/de
corations/pgflibrarydecorations.pathreplacing.code.tex"))
("C:/Users/drbob/AppData/Local/Programs/MiKTeX 2.9/tex/generic/pgfplots/libs/ti
kzlibrarypgfplots.contourlua.code.tex")
\pgfplots@numplots=\count311
\pgfplots@xmin@reg=\dimen273
\pgfplots@xmax@reg=\dimen274
\pgfplots@ymin@reg=\dimen275
\pgfplots@ymax@reg=\dimen276
\pgfplots@zmin@reg=\dimen277
\pgfplots@zmax@reg=\dimen278
)
("C:/Users/drbob/AppData/Local/Programs/MiKTeX 2.9/tex/generic/pgf/frontendlaye
r/tikz/libraries/tikzlibraryplotmarks.code.tex"
File: tikzlibraryplotmarks.code.tex 2025-08-29 v3.1.11a (3.1.11a)

("C:/Users/drbob/AppData/Local/Programs/MiKTeX 2.9/tex/generic/pgf/libraries/pg
flibraryplotmarks.code.tex"
File: pgflibraryplotmarks.code.tex 2025-08-29 v3.1.11a (3.1.11a)
)))
("C:/Users/drbob/AppData/Local/Programs/MiKTeX 2.9/tex/generic/pgfplots/libs/ti
kzlibrarypgfplots.groupplots.code.tex"
\pgfplots@group@current@plot=\count312
\pgfplots@group@current@row=\count313
\pgfplots@group@current@column=\count314

("C:/Users/drbob/AppData/Local/Programs/MiKTeX 2.9/tex/generic/pgf/frontendlaye
r/tikz/libraries/tikzlibrarycalc.code.tex"
File: tikzlibrarycalc.code.tex 2025-08-29 v3.1.11a (3.1.11a)
))
("C:/Users/drbob/AppData/Local/Programs/MiKTeX 2.9/tex/latex/fancyvrb/fancyvrb.
sty"
Package: fancyvrb 2025/07/28 4.6 verbatim text (tvz,hv)
\FV@CodeLineNo=\count315
\FV@InFile=\read3
\FV@TabBox=\box69
\c@FancyVerbLine=\count316
\FV@StepNumber=\count317
\FV@OutFile=\write4
)
("C:/Users/drbob/AppData/Local/Programs/MiKTeX 2.9/tex/latex/forloop/forloop.st
y"
Package: forloop 2023/05/03 v3.0 For Loops for LaTeX
 ("C:/Users/drbob/AppData/Local/Programs/MiKTeX 2.9/tex/latex/base/ifthen.sty"
Package: ifthen 2024/03/16 v1.1e Standard LaTeX ifthen package (DPC)
))
("C:/Users/drbob/AppData/Local/Programs/MiKTeX 2.9/tex/latex/environ/environ.st
y"
Package: environ 2014/05/04 v0.3 A new way to define environments

("C:/Users/drbob/AppData/Local/Programs/MiKTeX 2.9/tex/latex/trimspaces/trimspa
ces.sty"
Package: trimspaces 2009/09/17 v1.1 Trim spaces around a token list
)
\@envbody=\toks42
)
("C:/Users/drbob/AppData/Local/Programs/MiKTeX 2.9/tex/latex/amsfonts/amssymb.s
ty"
Package: amssymb 2013/01/14 v3.01 AMS font symbols

("C:/Users/drbob/AppData/Local/Programs/MiKTeX 2.9/tex/latex/amsfonts/amsfonts.
sty"
Package: amsfonts 2013/01/14 v3.01 Basic AMSFonts support
\@emptytoks=\toks43
\symAMSa=\mathgroup4
\symAMSb=\mathgroup5
LaTeX Font Info:    Redeclaring math symbol \hbar on input line 98.
LaTeX Font Info:    Overwriting math alphabet `\mathfrak' in version `bold'
(Font)                  U/euf/m/n --> U/euf/b/n on input line 106.
))
("C:/Users/drbob/AppData/Local/Programs/MiKTeX 2.9/tex/latex/amsmath/amsmath.st
y"
Package: amsmath 2025/07/09 v2.17z AMS math features
\@mathmargin=\skip60

For additional information on amsmath, use the `?' option.

("C:/Users/drbob/AppData/Local/Programs/MiKTeX 2.9/tex/latex/amsmath/amstext.st
y"
Package: amstext 2024/11/17 v2.01 AMS text

("C:/Users/drbob/AppData/Local/Programs/MiKTeX 2.9/tex/latex/amsmath/amsgen.sty
"
File: amsgen.sty 1999/11/30 v2.0 generic functions
\@emptytoks=\toks44
\ex@=\dimen279
))
("C:/Users/drbob/AppData/Local/Programs/MiKTeX 2.9/tex/latex/amsmath/amsbsy.sty
"
Package: amsbsy 1999/11/29 v1.2d Bold Symbols
\pmbraise@=\dimen280
)
("C:/Users/drbob/AppData/Local/Programs/MiKTeX 2.9/tex/latex/amsmath/amsopn.sty
"
Package: amsopn 2022/04/08 v2.04 operator names
)
\inf@bad=\count318
LaTeX Info: Redefining \frac on input line 235.
\uproot@=\count319
\leftroot@=\count320
LaTeX Info: Redefining \overline on input line 398.
LaTeX Info: Redefining \colon on input line 409.
\classnum@=\count321
\DOTSCASE@=\count322
LaTeX Info: Redefining \ldots on input line 495.
LaTeX Info: Redefining \dots on input line 498.
LaTeX Info: Redefining \cdots on input line 619.
\Mathstrutbox@=\box70
\strutbox@=\box71
LaTeX Info: Redefining \big on input line 721.
LaTeX Info: Redefining \Big on input line 722.
LaTeX Info: Redefining \bigg on input line 723.
LaTeX Info: Redefining \Bigg on input line 724.
\big@size=\dimen281
LaTeX Font Info:    Redeclaring font encoding OML on input line 742.
LaTeX Font Info:    Redeclaring font encoding OMS on input line 743.
\macc@depth=\count323
LaTeX Info: Redefining \bmod on input line 904.
LaTeX Info: Redefining \pmod on input line 909.
LaTeX Info: Redefining \smash on input line 939.
LaTeX Info: Redefining \relbar on input line 969.
LaTeX Info: Redefining \Relbar on input line 970.
\c@MaxMatrixCols=\count324
\dotsspace@=\muskip18
\c@parentequation=\count325
\dspbrk@lvl=\count326
\tag@help=\toks45
\row@=\count327
\column@=\count328
\maxfields@=\count329
\andhelp@=\toks46
\eqnshift@=\dimen282
\alignsep@=\dimen283
\tagshift@=\dimen284
\tagwidth@=\dimen285
\totwidth@=\dimen286
\lineht@=\dimen287
\@envbody=\toks47
\multlinegap=\skip61
\multlinetaggap=\skip62
\mathdisplay@stack=\toks48
LaTeX Info: Redefining \[ on input line 2950.
LaTeX Info: Redefining \] on input line 2951.
)
("C:/Users/drbob/AppData/Local/Programs/MiKTeX 2.9/tex/latex/amscls/amsthm.sty"
Package: amsthm 2020/05/29 v2.20.6
\thm@style=\toks49
\thm@bodyfont=\toks50
\thm@headfont=\toks51
\thm@notefont=\toks52
\thm@headpunct=\toks53
\thm@preskip=\skip63
\thm@postskip=\skip64
\thm@headsep=\skip65
\dth@everypar=\toks54
)
("C:/Users/drbob/AppData/Local/Programs/MiKTeX 2.9/tex/latex/xifthen/xifthen.st
y"
Package: xifthen 2015/11/05 v1.4.0 Extended ifthen features
 ("C:/Users/drbob/AppData/Local/Programs/MiKTeX 2.9/tex/latex/tools/calc.sty"
Package: calc 2025/03/01 v4.3b Infix arithmetic (KKT,FJ)
\calc@Acount=\count330
\calc@Bcount=\count331
\calc@Adimen=\dimen288
\calc@Bdimen=\dimen289
\calc@Askip=\skip66
\calc@Bskip=\skip67
LaTeX Info: Redefining \setlength on input line 86.
LaTeX Info: Redefining \addtolength on input line 87.
\calc@Ccount=\count332
\calc@Cskip=\skip68
)
("C:/Users/drbob/AppData/Local/Programs/MiKTeX 2.9/tex/latex/ifmtarg/ifmtarg.st
y"
Package: ifmtarg 2018/04/16 v1.2b check for an empty argument
))
("C:/Users/drbob/AppData/Local/Programs/MiKTeX 2.9/tex/latex/multido/multido.st
y"
Package: multido 2004/05/17 package wrapper for PSTricks `multido.tex', (HV/RN)


("C:/Users/drbob/AppData/Local/Programs/MiKTeX 2.9/tex/generic/multido/multido.
tex"  v1.42, 2010/05/14 <tvz>
\multido@count=\count333
\multidocount=\count334
\multido@stuff=\toks55
)
File: multido.tex 2010/05/14 v1.42 `multido' (tvz,hv)
)
("C:/Users/drbob/AppData/Local/Programs/MiKTeX 2.9/tex/latex/listings/listings.
sty"
\lst@mode=\count335
\lst@gtempboxa=\box72
\lst@token=\toks56
\lst@length=\count336
\lst@currlwidth=\dimen290
\lst@column=\count337
\lst@pos=\count338
\lst@lostspace=\dimen291
\lst@width=\dimen292
\lst@newlines=\count339
\lst@lineno=\count340
\lst@maxwidth=\dimen293

("C:/Users/drbob/AppData/Local/Programs/MiKTeX 2.9/tex/latex/listings/lstpatch.
sty"
File: lstpatch.sty 2025/11/14 1.11b (Carsten Heinz)
)
("C:/Users/drbob/AppData/Local/Programs/MiKTeX 2.9/tex/latex/listings/lstmisc.s
ty"
File: lstmisc.sty 2025/11/14 1.11b (Carsten Heinz)
\c@lstnumber=\count341
\lst@skipnumbers=\count342
\lst@framebox=\box73
)
("C:/Users/drbob/AppData/Local/Programs/MiKTeX 2.9/tex/latex/listings/listings.
cfg"
File: listings.cfg 2025/11/14 1.11b listings configuration
))
Package: listings 2025/11/14 1.11b (Carsten Heinz)

==> First Aid for listings.sty no longer applied!
    Expected:
        2024/09/23 1.10c (Carsten Heinz)
    but found:
        2025/11/14 1.11b (Carsten Heinz)
    so I'm assuming it got fixed.

("C:/Users/drbob/AppData/Local/Programs/MiKTeX 2.9/tex/latex/xkeyval/xkeyval.st
y"
Package: xkeyval 2022/06/16 v2.9 package option processing (HA)

("C:/Users/drbob/AppData/Local/Programs/MiKTeX 2.9/tex/generic/xkeyval/xkeyval.
tex"
("C:/Users/drbob/AppData/Local/Programs/MiKTeX 2.9/tex/generic/xkeyval/xkvutils
.tex"
\XKV@toks=\toks57
\XKV@tempa@toks=\toks58
)
\XKV@depth=\count343
File: xkeyval.tex 2014/12/03 v2.7a key=value parser (HA)
))
("C:/Users/drbob/AppData/Local/Programs/MiKTeX 2.9/tex/latex/comment/comment.st
y"
\CommentStream=\write5
 Excluding comment 'comment')
("C:/Users/drbob/AppData/Local/Programs/MiKTeX 2.9/tex/generic/gettitlestring/g
ettitlestring.sty"
Package: gettitlestring 2019/12/15 v1.6 Cleanup title references (HO)

("C:/Users/drbob/AppData/Local/Programs/MiKTeX 2.9/tex/latex/kvoptions/kvoption
s.sty"
Package: kvoptions 2022-06-15 v3.15 Key value format for package options (HO)

("C:/Users/drbob/AppData/Local/Programs/MiKTeX 2.9/tex/generic/ltxcmds/ltxcmds.
sty"
Package: ltxcmds 2023-12-04 v1.26 LaTeX kernel commands for general use (HO)
)
("C:/Users/drbob/AppData/Local/Programs/MiKTeX 2.9/tex/latex/kvsetkeys/kvsetkey
s.sty"
Package: kvsetkeys 2022-10-05 v1.19 Key value parser (HO)
)))
("C:/Users/drbob/AppData/Local/Programs/MiKTeX 2.9/tex/latex/hyperref/nameref.s
ty"
Package: nameref 2025-06-21 v2.57 Cross-referencing by name of section

("C:/Users/drbob/AppData/Local/Programs/MiKTeX 2.9/tex/latex/refcount/refcount.
sty"
Package: refcount 2019/12/15 v3.6 Data extraction from label references (HO)

("C:/Users/drbob/AppData/Local/Programs/MiKTeX 2.9/tex/generic/infwarerr/infwar
err.sty"
Package: infwarerr 2019/12/03 v1.5 Providing info/warning/error messages (HO)
))
\c@section@level=\count344
)
("C:/Users/drbob/AppData/Local/Programs/MiKTeX 2.9/tex/latex/epstopdf-pkg/epsto
pdf.sty"
Package: epstopdf 2020-01-24 v2.11 Conversion with epstopdf on the fly (HO)

("C:/Users/drbob/AppData/Local/Programs/MiKTeX 2.9/tex/latex/grfext/grfext.sty"
Package: grfext 2019/12/03 v1.3 Manage graphics extensions (HO)

("C:/Users/drbob/AppData/Local/Programs/MiKTeX 2.9/tex/generic/kvdefinekeys/kvd
efinekeys.sty"
Package: kvdefinekeys 2019-12-19 v1.6 Define keys (HO)
))
("C:/Users/drbob/AppData/Local/Programs/MiKTeX 2.9/tex/generic/pdftexcmds/pdfte
xcmds.sty"
Package: pdftexcmds 2020-06-27 v0.33 Utility functions of pdfTeX for LuaTeX (HO
)

("C:/Users/drbob/AppData/Local/Programs/MiKTeX 2.9/tex/generic/iftex/iftex.sty"
Package: iftex 2024/12/12 v1.0g TeX engine tests
)
Package pdftexcmds Info: \pdf@primitive is available.
Package pdftexcmds Info: \pdf@ifprimitive is available.
Package pdftexcmds Info: \pdfdraftmode found.
\pdftexcmds@toks=\toks59
)
("C:/Users/drbob/AppData/Local/Programs/MiKTeX 2.9/tex/latex/epstopdf-pkg/epsto
pdf-base.sty"
Package: epstopdf-base 2020-01-24 v2.11 Base part for package epstopdf
Package epstopdf-base Info: Redefining graphics rule for `.eps' on input line 4
85.
Package grfext Info: Graphics extension search list:
(grfext)             [.pdf,.png,.jpg,.mps,.jpeg,.jbig2,.jb2,.PDF,.PNG,.JPG,.JPE
G,.JBIG2,.JB2,.eps]
(grfext)             \AppendGraphicsExtensions on input line 504.

("C:/Users/drbob/AppData/Local/Programs/MiKTeX 2.9/tex/latex/00miktex/epstopdf-
sys.cfg"
File: epstopdf-sys.cfg 2021/03/18 v2.0 Configuration of epstopdf for MiKTeX
)))
("C:/Users/drbob/AppData/Local/Programs/MiKTeX 2.9/tex/latex/hyperref/hyperref.
sty"
Package: hyperref 2025-07-12 v7.01o Hypertext links for LaTeX

("C:/Users/drbob/AppData/Local/Programs/MiKTeX 2.9/tex/generic/pdfescape/pdfesc
ape.sty"
Package: pdfescape 2019/12/09 v1.15 Implements pdfTeX's escape features (HO)
)
("C:/Users/drbob/AppData/Local/Programs/MiKTeX 2.9/tex/latex/hycolor/hycolor.st
y"
Package: hycolor 2020-01-27 v1.10 Color options for hyperref/bookmark (HO)
)
("C:/Users/drbob/AppData/Local/Programs/MiKTeX 2.9/tex/latex/etoolbox/etoolbox.
sty"
Package: etoolbox 2025/10/02 v2.5m e-TeX tools for LaTeX (JAW)
\etb@tempcnta=\count345
)
("C:/Users/drbob/AppData/Local/Programs/MiKTeX 2.9/tex/generic/stringenc/string
enc.sty"
Package: stringenc 2019/11/29 v1.12 Convert strings between diff. encodings (HO
)
)
\@linkdim=\dimen294
\Hy@linkcounter=\count346
\Hy@pagecounter=\count347

("C:/Users/drbob/AppData/Local/Programs/MiKTeX 2.9/tex/latex/hyperref/pd1enc.de
f"
File: pd1enc.def 2025-07-12 v7.01o Hyperref: PDFDocEncoding definition (HO)
)
("C:/Users/drbob/AppData/Local/Programs/MiKTeX 2.9/tex/generic/intcalc/intcalc.
sty"
Package: intcalc 2019/12/15 v1.3 Expandable calculations with integers (HO)
)
\Hy@SavedSpaceFactor=\count348

("C:/Users/drbob/AppData/Local/Programs/MiKTeX 2.9/tex/latex/hyperref/puenc.def
"
File: puenc.def 2025-07-12 v7.01o Hyperref: PDF Unicode definition (HO)
)
Package hyperref Info: Option `pdfpagelabels' set `true' on input line 4066.
Package hyperref Info: Option `colorlinks' set `true' on input line 4066.
Package hyperref Info: Hyper figures OFF on input line 4195.
Package hyperref Info: Link nesting OFF on input line 4200.
Package hyperref Info: Hyper index ON on input line 4203.
Package hyperref Info: Plain pages OFF on input line 4210.
Package hyperref Info: Backreferencing OFF on input line 4215.
Package hyperref Info: Implicit mode ON; LaTeX internals redefined.
Package hyperref Info: Bookmarks ON on input line 4462.
\c@Hy@tempcnt=\count349
LaTeX Info: Redefining \url on input line 4801.
\XeTeXLinkMargin=\dimen295

("C:/Users/drbob/AppData/Local/Programs/MiKTeX 2.9/tex/generic/bitset/bitset.st
y"
Package: bitset 2019/12/09 v1.3 Handle bit-vector datatype (HO)

("C:/Users/drbob/AppData/Local/Programs/MiKTeX 2.9/tex/generic/bigintcalc/bigin
tcalc.sty"
Package: bigintcalc 2019/12/15 v1.5 Expandable calculations on big integers (HO
)
))
\Fld@menulength=\count350
\Field@Width=\dimen296
\Fld@charsize=\dimen297
Package hyperref Info: Hyper figures OFF on input line 6078.
Package hyperref Info: Link nesting OFF on input line 6083.
Package hyperref Info: Hyper index ON on input line 6086.
Package hyperref Info: backreferencing OFF on input line 6093.
Package hyperref Info: Link coloring ON on input line 6096.
Package hyperref Info: Link coloring with OCG OFF on input line 6103.
Package hyperref Info: PDF/A mode OFF on input line 6108.
\Hy@abspage=\count351
\c@Item=\count352
\c@Hfootnote=\count353
)
Package hyperref Info: Driver (autodetected): hluatex.

("C:/Users/drbob/AppData/Local/Programs/MiKTeX 2.9/tex/latex/hyperref/hluatex.d
ef"
File: hluatex.def 2025-07-12 v7.01o Hyperref driver for luaTeX
\Fld@listcount=\count354
\c@bookmark@seq@number=\count355

("C:/Users/drbob/AppData/Local/Programs/MiKTeX 2.9/tex/latex/rerunfilecheck/rer
unfilecheck.sty"
Package: rerunfilecheck 2025-06-21 v1.11 Rerun checks for auxiliary files (HO)

("C:/Users/drbob/AppData/Local/Programs/MiKTeX 2.9/tex/generic/uniquecounter/un
iquecounter.sty"
Package: uniquecounter 2019/12/15 v1.4 Provide unlimited unique counter (HO)
)
Package uniquecounter Info: New unique counter `rerunfilecheck' on input line 2
84.
)
\Hy@SectionHShift=\skip69
)
warning  (font): lua-loaded font '16' with name 'dummy' has no characters
\outcomefile=\write6

\openout6 = understandingFunctions.oc
\c@theorem=\count356
\c@algorithm=\count357
\c@axiom=\count358
\c@claim=\count359
\c@conclusion=\count360
\c@condition=\count361
\c@conjecture=\count362
\c@corollary=\count363
\c@criterion=\count364
\c@definition=\count365
\c@example=\count366
\c@fact=\count367
\c@lemma=\count368
\c@formula=\count369
\c@idea=\count370
\c@notation=\count371
\c@model=\count372
\c@observation=\count373
\c@proposition=\count374
\c@paradox=\count375
\c@procedure=\count376
\c@remark=\count377
\c@summary=\count378
\c@template=\count379
\c@warning=\count380
\c@Iteration@probCnt=\count381
\c@problem=\count382
\c@problem@Depth=\count383
\c@hintLevel=\count384
\c@titlenumber=\count385
\c@sectiontitlenumber=\count386
\idfile=\write7

\openout7 = understandingFunctions.ids

("C:/Users/drbob/AppData/Local/Programs/MiKTeX 2.9/tex/latex/sagetex/sagetex.st
y"
Package: sagetex 2022/08/21 v3.6.1 embedding Sage into LaTeX documents

("C:/Users/drbob/AppData/Local/Programs/MiKTeX 2.9/tex/latex/tools/verbatim.sty
"
Package: verbatim 2024-01-22 v1.5x LaTeX2e package for verbatim enhancements
\every@verbatim=\toks60
\verbatim@line=\toks61
\verbatim@in@stream=\read4
)
("C:/Users/drbob/AppData/Local/Programs/MiKTeX 2.9/tex/latex/makecmds/makecmds.
sty"
Package: makecmds 2009/09/03 v1.0a extra command making commands
)
("C:/Users/drbob/AppData/Local/Programs/MiKTeX 2.9/tex/generic/iftex/ifpdf.sty"
Package: ifpdf 2019/10/25 v3.4 ifpdf legacy package. Use iftex instead.
)
("C:/Users/drbob/AppData/Local/Programs/MiKTeX 2.9/tex/generic/iftex/ifxetex.st
y"
Package: ifxetex 2019/10/25 v0.7 ifxetex legacy package. Use iftex instead.
)
\c@ST@inline=\count387
\c@ST@plot=\count388
\c@ST@cmdline=\count389
\sagetexindent=\skip70

No file understandingFunctions.sagetex.sout.
\sagecommandlineskip=\skip71
)
\myfile=\write8

\openout8 = understandingFunctions.jax
) (../preamble.tex
("C:/Users/drbob/AppData/Local/Programs/MiKTeX 2.9/tex/latex/tools/multicol.sty
"
Package: multicol 2025/10/21 v2.0b multicolumn formatting (FMi)
\c@tracingmulticols=\count390
\mult@box=\box74
\multicol@leftmargin=\dimen298
\c@unbalance=\count391
\c@collectmore=\count392
\doublecol@number=\count393
\multicoltolerance=\count394
\multicolpretolerance=\count395
\full@width=\dimen299
\page@free=\dimen300
\premulticols=\dimen301
\postmulticols=\dimen302
\multicolsep=\skip72
\multicolbaselineskip=\skip73
\partial@page=\box75
\last@line=\box76
\mc@boxedresult=\box77
\maxbalancingoverflow=\dimen303
\mult@rightbox=\box78
\mult@grightbox=\box79
\mult@firstbox=\box80
\mult@gfirstbox=\box81
\@tempa=\box82
\@tempa=\box83
\@tempa=\box84
\@tempa=\box85
\@tempa=\box86
\@tempa=\box87
\@tempa=\box88
\@tempa=\box89
\@tempa=\box90
\@tempa=\box91
\@tempa=\box92
\@tempa=\box93
\@tempa=\box94
\@tempa=\box95
\@tempa=\box96
\@tempa=\box97
\@tempa=\box98
\@tempa=\box99
\@tempa=\box100
\@tempa=\box101
\@tempa=\box102
\@tempa=\box103
\@tempa=\box104
\@tempa=\box105
\@tempa=\box106
\@tempa=\box107
\@tempa=\box108
\@tempa=\box109
\@tempa=\box110
\@tempa=\box111
\@tempa=\box112
\@tempa=\box113
\@tempa=\box114
\@tempa=\box115
\@tempa=\box116
\@tempa=\box117
\c@minrows=\count396
\c@columnbadness=\count397
\c@finalcolumnbadness=\count398
\last@try=\dimen304
\multicolovershoot=\dimen305
\multicolundershoot=\dimen306
\mult@nat@firstbox=\box118
\colbreak@box=\box119
\mc@col@check@num=\count399
\g__mc_curr_col_int=\count400
)
("C:/Users/drbob/AppData/Local/Programs/MiKTeX 2.9/tex/latex/tkz-euclide/tkz-eu
clide.sty"
2025/09/17 5.11c tkz-euclide.sty
Package: tkz-euclide  2025/09/17 5.11c for pure Euclidean Geometry 

("C:/Users/drbob/AppData/Local/Programs/MiKTeX 2.9/tex/generic/pgf/frontendlaye
r/tikz/libraries/tikzlibraryangles.code.tex"
File: tikzlibraryangles.code.tex 2025-08-29 v3.1.11a (3.1.11a)
)
("C:/Users/drbob/AppData/Local/Programs/MiKTeX 2.9/tex/generic/pgf/frontendlaye
r/tikz/libraries/tikzlibraryarrows.code.tex"
File: tikzlibraryarrows.code.tex 2025-08-29 v3.1.11a (3.1.11a)

("C:/Users/drbob/AppData/Local/Programs/MiKTeX 2.9/tex/generic/pgf/libraries/pg
flibraryarrows.code.tex"
File: pgflibraryarrows.code.tex 2025-08-29 v3.1.11a (3.1.11a)
\arrowsize=\dimen307
))
("C:/Users/drbob/AppData/Local/Programs/MiKTeX 2.9/tex/generic/pgf/libraries/pg
flibraryarrows.meta.code.tex"
File: pgflibraryarrows.meta.code.tex 2025-08-29 v3.1.11a (3.1.11a)
\pgfarrowinset=\dimen308
\pgfarrowlength=\dimen309
\pgfarrowwidth=\dimen310
\pgfarrowlinewidth=\dimen311
)
("C:/Users/drbob/AppData/Local/Programs/MiKTeX 2.9/tex/generic/pgf/frontendlaye
r/tikz/libraries/tikzlibrarybackgrounds.code.tex"
File: tikzlibrarybackgrounds.code.tex 2025-08-29 v3.1.11a (3.1.11a)
\pgf@layerbox@background=\box120
\pgf@layerboxsaved@background=\box121
)
("C:/Users/drbob/AppData/Local/Programs/MiKTeX 2.9/tex/generic/pgf/frontendlaye
r/tikz/libraries/tikzlibrarydecorations.markings.code.tex"
("C:/Users/drbob/AppData/Local/Programs/MiKTeX 2.9/tex/generic/pgf/libraries/de
corations/pgflibrarydecorations.markings.code.tex"))
("C:/Users/drbob/AppData/Local/Programs/MiKTeX 2.9/tex/generic/pgf/frontendlaye
r/tikz/libraries/tikzlibrarydecorations.shapes.code.tex"
("C:/Users/drbob/AppData/Local/Programs/MiKTeX 2.9/tex/generic/pgf/libraries/de
corations/pgflibrarydecorations.shapes.code.tex"))
("C:/Users/drbob/AppData/Local/Programs/MiKTeX 2.9/tex/generic/pgf/frontendlaye
r/tikz/libraries/tikzlibrarydecorations.text.code.tex"
("C:/Users/drbob/AppData/Local/Programs/MiKTeX 2.9/tex/generic/pgf/libraries/de
corations/pgflibrarydecorations.text.code.tex"
\pgf@lib@dec@text@box=\box122
)
\tikz@lib@dec@te@box=\box123
)
("C:/Users/drbob/AppData/Local/Programs/MiKTeX 2.9/tex/generic/pgf/frontendlaye
r/tikz/libraries/tikzlibraryintersections.code.tex"
("C:/Users/drbob/AppData/Local/Programs/MiKTeX 2.9/tex/generic/pgf/libraries/pg
flibraryintersections.code.tex"
\pgf@intersect@solutions=\count401
))
("C:/Users/drbob/AppData/Local/Programs/MiKTeX 2.9/tex/generic/pgf/frontendlaye
r/tikz/libraries/tikzlibrarymath.code.tex"
("C:/Users/drbob/AppData/Local/Programs/MiKTeX 2.9/tex/generic/pgf/frontendlaye
r/tikz/libraries/tikzlibraryfpu.code.tex")
\tikz@math@for@depth=\count402
\tikz@math@dimen=\dimen312
\tikz@math@toks=\toks62
)
("C:/Users/drbob/AppData/Local/Programs/MiKTeX 2.9/tex/generic/pgf/frontendlaye
r/tikz/libraries/tikzlibrarypositioning.code.tex"
File: tikzlibrarypositioning.code.tex 2025-08-29 v3.1.11a (3.1.11a)
)
("C:/Users/drbob/AppData/Local/Programs/MiKTeX 2.9/tex/generic/pgf/frontendlaye
r/tikz/libraries/tikzlibraryquotes.code.tex"
File: tikzlibraryquotes.code.tex 2025-08-29 v3.1.11a (3.1.11a)
)
("C:/Users/drbob/AppData/Local/Programs/MiKTeX 2.9/tex/generic/pgf/frontendlaye
r/tikz/libraries/tikzlibraryshapes.misc.code.tex"
File: tikzlibraryshapes.misc.code.tex 2025-08-29 v3.1.11a (3.1.11a)

("C:/Users/drbob/AppData/Local/Programs/MiKTeX 2.9/tex/generic/pgf/libraries/sh
apes/pgflibraryshapes.misc.code.tex"
File: pgflibraryshapes.misc.code.tex 2025-08-29 v3.1.11a (3.1.11a)
))
("C:/Users/drbob/AppData/Local/Programs/MiKTeX 2.9/tex/generic/pgf/frontendlaye
r/tikz/libraries/tikzlibrarythrough.code.tex"
File: tikzlibrarythrough.code.tex 2025-08-29 v3.1.11a (3.1.11a)
)
("C:/Users/drbob/AppData/Local/Programs/MiKTeX 2.9/tex/latex/l3packages/xfp/xfp
.sty"
("C:/Users/drbob/AppData/Local/Programs/MiKTeX 2.9/tex/latex/l3kernel/expl3.sty
"
Package: expl3 2025-11-06 L3 programming layer (loader) 

("C:/Users/drbob/AppData/Local/Programs/MiKTeX 2.9/tex/latex/l3backend/l3backen
d-luatex.def"
File: l3backend-luatex.def 2025-10-09 L3 backend support: PDF output (LuaTeX)
\l__color_backend_stack_int=\count403
Inserting `l3color' in `luaotfload.parse_color'.))
Package: xfp 2025-10-09 L3 Floating point unit
)
("C:/Users/drbob/AppData/Local/Programs/MiKTeX 2.9/tex/latex/xpatch/xpatch.sty"
Package: xpatch 2020/03/25 v0.3a Extending etoolbox patching commands

("C:/Users/drbob/AppData/Local/Programs/MiKTeX 2.9/tex/latex/l3packages/xparse/
xparse.sty"
Package: xparse 2025-10-09 L3 Experimental document command parser
))
\tkzRadius=\dimen313
\tkzLength=\dimen314
\tkz@radi=\dimen315
\tkz@ax=\dimen316
\tkz@ay=\dimen317
\tkz@bx=\dimen318
\tkz@by=\dimen319
\tkz@cx=\dimen320
\tkz@cy=\dimen321
\tkz@dx=\dimen322
\tkz@dy=\dimen323
\tkz@cntmk=\count404

Local configuration file tkz-euclide.cfg found and used

("C:/Users/drbob/AppData/Local/Programs/MiKTeX 2.9/tex/latex/tkz-euclide/tkz-eu
clide.cfg"
2025/09/17 5.11c tkz-euclide.cfg
)
("C:/Users/drbob/AppData/Local/Programs/MiKTeX 2.9/tex/latex/tkz-euclide/tools/
tkz-tools-eu-base.tex"
2025/09/17 5.11c tkz-tools-eu-base.tex
)
("C:/Users/drbob/AppData/Local/Programs/MiKTeX 2.9/tex/latex/tkz-euclide/tools/
tkz-tools-eu-utilities.tex"
2025/09/17 5.11c tkz-tools-eu-utilities.tex
)
("C:/Users/drbob/AppData/Local/Programs/MiKTeX 2.9/tex/latex/tkz-euclide/tools/
tkz-tools-eu-BB.tex"
2025/09/17 5.11c tkz-obj-eu-BB.tex
)
("C:/Users/drbob/AppData/Local/Programs/MiKTeX 2.9/tex/latex/tkz-euclide/obj/tk
z-obj-eu-grids.tex"
2025/09/17 5.11c tkz-obj-eu-grids.tex
)
("C:/Users/drbob/AppData/Local/Programs/MiKTeX 2.9/tex/latex/tkz-euclide/libs/t
kz-lib-eu-marks.tex"
2025/09/17 5.11c tkz-lib-eu-marks.tex
)
("C:/Users/drbob/AppData/Local/Programs/MiKTeX 2.9/tex/latex/tkz-euclide/tools/
tkz-tools-eu-text.tex"
2025/09/17 5.11c tkz-tools-eu-text.tex
)
("C:/Users/drbob/AppData/Local/Programs/MiKTeX 2.9/tex/latex/tkz-euclide/libs/t
kz-lib-eu-shape.tex"
2025/09/17 5.11c tkz-lib-eu-shape.tex
)
("C:/Users/drbob/AppData/Local/Programs/MiKTeX 2.9/tex/latex/tkz-euclide/obj/tk
z-obj-eu-axesmin.tex"
2025/09/17 5.11c tkz-obj-eu-axesmin
)
("C:/Users/drbob/AppData/Local/Programs/MiKTeX 2.9/tex/latex/tkz-euclide/tools/
tkz-tools-eu-colors.tex"
2025/09/17 5.11c tkz-tools-eu-colors
)
("C:/Users/drbob/AppData/Local/Programs/MiKTeX 2.9/tex/latex/tkz-euclide/obj/tk
z-obj-eu-points.tex"
2025/09/17 5.11c tkz-obj-eu-points.tex
)
("C:/Users/drbob/AppData/Local/Programs/MiKTeX 2.9/tex/latex/tkz-euclide/drawin
gs/tkz-draw-eu-points.tex"
2025/09/17 5.11c tkz-draw-eu-points.tex
)
("C:/Users/drbob/AppData/Local/Programs/MiKTeX 2.9/tex/latex/tkz-euclide/obj/tk
z-obj-eu-points.tex"
2025/09/17 5.11c tkz-obj-eu-points.tex
)
("C:/Users/drbob/AppData/Local/Programs/MiKTeX 2.9/tex/latex/tkz-euclide/obj/tk
z-obj-eu-points-by.tex"
2025/09/17 5.11c tkz-tools-eu-points-by.tex
)
("C:/Users/drbob/AppData/Local/Programs/MiKTeX 2.9/tex/latex/tkz-euclide/tools/
tkz-tools-eu-math.tex"
2025/09/17 5.11c tkz-tools-eu-math.tex
)
("C:/Users/drbob/AppData/Local/Programs/MiKTeX 2.9/tex/latex/tkz-euclide/tools/
tkz-tools-eu-intersections.tex"
2025/09/17 5.11c tkz-tools-eu-intersections.tex
)
("C:/Users/drbob/AppData/Local/Programs/MiKTeX 2.9/tex/latex/tkz-euclide/obj/tk
z-obj-eu-points-with.tex"
2025/09/17 5.11c tkz-obj-eu-points-with.tex
)
("C:/Users/drbob/AppData/Local/Programs/MiKTeX 2.9/tex/latex/tkz-euclide/obj/tk
z-obj-eu-points-spc.tex"
2025/09/17 5.11c tkz-obj-el-points.tex
)
("C:/Users/drbob/AppData/Local/Programs/MiKTeX 2.9/tex/latex/tkz-euclide/tools/
tkz-tools-eu-angles.tex"
2025/09/17 5.11c tkz-tools-eu-angles.tex
)
("C:/Users/drbob/AppData/Local/Programs/MiKTeX 2.9/tex/latex/tkz-euclide/obj/tk
z-obj-eu-circles.tex"
2025/09/17 5.11c tkz-obj-eu-circles.tex
)
("C:/Users/drbob/AppData/Local/Programs/MiKTeX 2.9/tex/latex/tkz-euclide/obj/tk
z-obj-eu-circles-by.tex"
2025/09/17 5.11c tkz-obj-eu-circles.tex
)
("C:/Users/drbob/AppData/Local/Programs/MiKTeX 2.9/tex/latex/tkz-euclide/obj/tk
z-obj-eu-points-rnd.tex"
2025/09/17 5.11c tkz-obj-eu-points-rnd.tex
)
("C:/Users/drbob/AppData/Local/Programs/MiKTeX 2.9/tex/latex/tkz-euclide/obj/tk
z-obj-eu-lines.tex"
2025/09/17 5.11c tkz-obj-eu-lines.tex
)
("C:/Users/drbob/AppData/Local/Programs/MiKTeX 2.9/tex/latex/tkz-euclide/obj/tk
z-obj-eu-polygons.tex"
2025/09/17 5.11c tkz-obj-eu-polygons.tex
)
("C:/Users/drbob/AppData/Local/Programs/MiKTeX 2.9/tex/latex/tkz-euclide/obj/tk
z-obj-eu-triangles.tex"
2025/09/17 5.11c tkz-obj-eu-triangles.tex
)
("C:/Users/drbob/AppData/Local/Programs/MiKTeX 2.9/tex/latex/tkz-euclide/drawin
gs/tkz-draw-eu-lines.tex"
2025/09/17 5.11c tkz-obj-eu-draw-lines.tex
)
("C:/Users/drbob/AppData/Local/Programs/MiKTeX 2.9/tex/latex/tkz-euclide/drawin
gs/tkz-draw-eu-circles.tex"
2025/09/17 5.11c tkz-obj-eu-draw-circles.tex
)
("C:/Users/drbob/AppData/Local/Programs/MiKTeX 2.9/tex/latex/tkz-euclide/drawin
gs/tkz-draw-eu-ellipses.tex"
2025/09/17 5.11c tkz-obj-eu-draw-ellipses.tex
)
("C:/Users/drbob/AppData/Local/Programs/MiKTeX 2.9/tex/latex/tkz-euclide/drawin
gs/tkz-draw-eu-polygons.tex"
2025/09/17 5.11c tkz-obj-eu-polygons.tex
)
("C:/Users/drbob/AppData/Local/Programs/MiKTeX 2.9/tex/latex/tkz-euclide/drawin
gs/tkz-draw-eu-arcs.tex"
2025/09/17 5.11c tkz-tool-eu-arcs.tex
)
("C:/Users/drbob/AppData/Local/Programs/MiKTeX 2.9/tex/latex/tkz-euclide/drawin
gs/tkz-draw-eu-angles.tex"
2025/09/17 5.11c tkz-tool-eu-angles.tex
)
("C:/Users/drbob/AppData/Local/Programs/MiKTeX 2.9/tex/latex/tkz-euclide/drawin
gs/tkz-draw-eu-sectors.tex"
2025/09/17 5.11c tkz-obj-eu-sectors.tex
)
("C:/Users/drbob/AppData/Local/Programs/MiKTeX 2.9/tex/latex/tkz-euclide/drawin
gs/tkz-draw-eu-compass.tex"
2025/09/17 5.11c tkz-obj-eu-compass.tex
)
("C:/Users/drbob/AppData/Local/Programs/MiKTeX 2.9/tex/latex/tkz-euclide/drawin
gs/tkz-draw-eu-show.tex"
2025/09/17 5.11c tkz-obj-eu-show.tex
)
("C:/Users/drbob/AppData/Local/Programs/MiKTeX 2.9/tex/latex/tkz-euclide/drawin
gs/tkz-draw-eu-protractor.tex"
2025/09/17 5.11c tkz-obj-eu-protractor.tex
)))
("C:/Users/drbob/AppData/Local/Programs/MiKTeX 2.9/tex/latex/preprint/fullpage.
sty"
Package: fullpage 1999/02/23 1.1 (PWD)
\FP@margin=\skip74
)

LaTeX Warning: Unused global option(s):
    [space].

(./understandingFunctions.aux)
\openout1 = understandingFunctions.aux

LaTeX Font Info:    Checking defaults for OML/cmm/m/it on input line 17.
LaTeX Font Info:    ... okay on input line 17.
LaTeX Font Info:    Checking defaults for OMS/cmsy/m/n on input line 17.
LaTeX Font Info:    ... okay on input line 17.
LaTeX Font Info:    Checking defaults for OT1/cmr/m/n on input line 17.
LaTeX Font Info:    ... okay on input line 17.
LaTeX Font Info:    Checking defaults for T1/cmr/m/n on input line 17.
LaTeX Font Info:    ... okay on input line 17.
LaTeX Font Info:    Checking defaults for TS1/cmr/m/n on input line 17.
LaTeX Font Info:    ... okay on input line 17.
LaTeX Font Info:    Checking defaults for TU/lmr/m/n on input line 17.
LaTeX Font Info:    ... okay on input line 17.
LaTeX Font Info:    Checking defaults for OMX/cmex/m/n on input line 17.
LaTeX Font Info:    ... okay on input line 17.
LaTeX Font Info:    Checking defaults for U/cmr/m/n on input line 17.
LaTeX Font Info:    ... okay on input line 17.
LaTeX Font Info:    Checking defaults for PD1/pdf/m/n on input line 17.
LaTeX Font Info:    ... okay on input line 17.
LaTeX Font Info:    Checking defaults for PU/pdf/m/n on input line 17.
LaTeX Font Info:    ... okay on input line 17.

("C:/Users/drbob/AppData/Local/Programs/MiKTeX 2.9/tex/context/base/mkii/supp-p
df.mkii"
[Loading MPS to PDF converter (version 2006.09.02).]
\scratchcounter=\count405
\scratchdimen=\dimen324
\scratchbox=\box124
\nofMPsegments=\count406
\nofMParguments=\count407
\everyMPshowfont=\toks63
\MPscratchCnt=\count408
\MPscratchDim=\dimen325
\MPnumerator=\count409
\makeMPintoPDFobject=\count410
\everyMPtoPDFconversion=\toks64
)
Package pgfplots notification 'compat/show suggested version=true': document ha
s been generated with the most recent feature set (\pgfplotsset{compat=1.18}).

\c@lstlisting=\count411
Package hyperref Info: Link coloring ON on input line 17.
\@outlinefile=\write9

\openout9 = understandingFunctions.out
\ST@sf=\write10

\openout10 = understandingFunctions.sagetex.sage

Underfull \hbox (badness 10000) in paragraph at lines 22--24

 []

LaTeX Font Info:    Trying to load font information for U+msa on input line 43.

("C:/Users/drbob/AppData/Local/Programs/MiKTeX 2.9/tex/latex/amsfonts/umsa.fd"
File: umsa.fd 2013/01/14 v3.01 AMS symbols A
)
LaTeX Font Info:    Trying to load font information for U+msb on input line 43.

("C:/Users/drbob/AppData/Local/Programs/MiKTeX 2.9/tex/latex/amsfonts/umsb.fd"
File: umsb.fd 2013/01/14 v3.01 AMS symbols B
) [1

{C:/Users/drbob/AppData/Local/MiKTeX/2.9/fonts/map/pdftex/pdftex.map}]
\c@depthICount=\count412

[2] [3
Missing character: There is no ; (U+003B) in font nullfont!
] [4] [5] [6] [7
Missing character: There is no ; (U+003B) in font nullfont!
] [8]
<UFFigure8.png, id=68, 478.78876pt x 395.4775pt>
File: UFFigure8.png Graphic file (type png)
<use UFFigure8.png>
Package luatex.def Info: UFFigure8.png  used on input line 458.
(luatex.def)             Requested size: 239.39378pt x 197.73827pt.
<UFFigure4.png, id=69, 361.35pt x 300.12125pt>
File: UFFigure4.png Graphic file (type png)
<use UFFigure4.png>
Package luatex.def Info: UFFigure4.png  used on input line 468.
(luatex.def)             Requested size: 180.67456pt x 150.06026pt.
 [9]
<UFFigure21.png, id=76, 361.35pt x 157.58875pt>
File: UFFigure21.png Graphic file (type png)
<use UFFigure21.png>
Package luatex.def Info: UFFigure21.png  used on input line 488.
(luatex.def)             Requested size: 216.81168pt x 94.55397pt.

Underfull \hbox (badness 10000) in paragraph at lines 489--490

 []


Underfull \hbox (badness 10000) in paragraph at lines 489--490

 []


Underfull \hbox (badness 10000) in paragraph at lines 500--501

 []


Underfull \hbox (badness 10000) in paragraph at lines 500--501

 []

<Figure10.png, id=77, 1057.70157pt x 101.62968pt>
File: Figure10.png Graphic file (type png)
<use Figure10.png>
Package luatex.def Info: Figure10.png  used on input line 516.
(luatex.def)             Requested size: 211.53656pt x 20.32556pt.

Underfull \hbox (badness 10000) in paragraph at lines 517--518

 []


Underfull \hbox (badness 10000) in paragraph at lines 517--518

 []

[10] [11] [12] [13]
<UFFigure122.png, id=106, 361.35pt x 375.4025pt>
File: UFFigure122.png Graphic file (type png)
<use UFFigure122.png>
Package luatex.def Info: UFFigure122.png  used on input line 735.
(luatex.def)             Requested size: 144.53743pt x 150.15834pt.
<UFFigure222.png, id=107, 361.35pt x 375.4025pt>
File: UFFigure222.png Graphic file (type png)
<use UFFigure222.png>
Package luatex.def Info: UFFigure222.png  used on input line 739.
(luatex.def)             Requested size: 144.53743pt x 150.15834pt.
 [14
Missing character: There is no ; (U+003B) in font nullfont!
]
<UFFigure223.png, id=118, 361.35pt x 325.215pt>
File: UFFigure223.png Graphic file (type png)
<use UFFigure223.png>
Package luatex.def Info: UFFigure223.png  used on input line 764.
(luatex.def)             Requested size: 144.53743pt x 130.0837pt.
<UFFigure333.png, id=119, 361.35pt x 325.215pt>
File: UFFigure333.png Graphic file (type png)
<use UFFigure333.png>
Package luatex.def Info: UFFigure333.png  used on input line 775.
(luatex.def)             Requested size: 144.53743pt x 130.0837pt.

*********************************************************************
[15] (./understandingFunctions.aux)
 ***********
LaTeX2e <2025-11-01>
L3 programming layer <2020/03/25>
 ***********


Package rerunfilecheck Warning: File `understandingFunctions.out' has changed.
(rerunfilecheck)                Rerun to get outlines right
(rerunfilecheck)                or use package `bookmark'.

Package rerunfilecheck Info: Checksums for `understandingFunctions.out':
(rerunfilecheck)             Before: <no file>
(rerunfilecheck)             After:  BFA5DD9F75923BC1FF8218C78D3065A9;196.
)

Here is how much of LuaTeX's memory you used:
 40644 strings out of 476002
 100000,1648299 words of node,token memory allocated
 634 words of node memory still in use:
   7 hlist, 2 vlist, 2 rule, 2 glue, 4 kern, 1 glyph, 18 attribute, 70 glue_spec
, 18 attribute_list, 2 write nodes
   avail lists: 2:3162,3:1427,4:141,5:211,6:63,7:4693,8:51,9:428,10:10,11:363
 61816 multiletter control sequences out of 65536+600000
 66 fonts using 4800935 bytes
 117i,14n,114p,1247b,2636s stack positions out of 10000i,1000n,20000p,200000b,200000s
<c:/users/drbob/appdata/local/programs/miktex 2.9/fonts/opentype/public/lm/lmrom
anslant10-bold.otf><c:/users/drbob/appdata/local/programs/miktex 2.9/fonts/opent
ype/public/lm/lmromanslant10-regular.otf><c:/users/drbob/appdata/local/programs/
miktex 2.9/fonts/opentype/public/lm/lmsans10-bold.otf><c:/users/drbob/appdata/lo
cal/programs/miktex 2.9/fonts/opentype/public/lm/lmroman10-regular.otf><c:/users
/drbob/appdata/local/programs/miktex 2.9/fonts/opentype/public/lm/lmroman12-bold
.otf><C:/Users/drbob/AppData/Local/Programs/MiKTeX 2.9/fonts/type1/public/amsfon
ts/cm/cmex10.pfb><C:/Users/drbob/AppData/Local/Programs/MiKTeX 2.9/fonts/type1/p
ublic/amsfonts/cm/cmmi10.pfb><C:/Users/drbob/AppData/Local/Programs/MiKTeX 2.9/f
onts/type1/public/amsfonts/cm/cmmi12.pfb><C:/Users/drbob/AppData/Local/Programs/
MiKTeX 2.9/fonts/type1/public/amsfonts/cm/cmr10.pfb><C:/Users/drbob/AppData/Loca
l/Programs/MiKTeX 2.9/fonts/type1/public/amsfonts/cm/cmr5.pfb><C:/Users/drbob/Ap
pData/Local/Programs/MiKTeX 2.9/fonts/type1/public/amsfonts/cm/cmr7.pfb><C:/User
s/drbob/AppData/Local/Programs/MiKTeX 2.9/fonts/type1/public/amsfonts/cm/cmsy10.
pfb><C:/Users/drbob/AppData/Local/Programs/MiKTeX 2.9/fonts/type1/public/amsfont
s/cm/cmsy7.pfb>
Output written on understandingFunctions.pdf (15 pages, 142110 bytes).

PDF statistics: 186 PDF objects out of 1000 (max. 8388607)
 53 named destinations out of 1000 (max. 131072)
 16 words of extra memory for PDF output out of 10000 (max. 100000000)

